<?xml version="1.0" encoding="UTF-8"?>
<testsuite name="Surefire test"
           tests="4"
           failures="0"
           errors="0"
           skipped="0"
           time="9.370">
    <properties></properties>



            <testcase
                name="test_update_request_get"
                time="1.151"
                classname="com.TheTestingAcademy.ex_21092024.testngexamples.CRUD.TestCaseIntegration">
            </testcase>
            <testcase
                name="test_after_delete_request_get"
                time="1.159"
                classname="com.TheTestingAcademy.ex_21092024.testngexamples.CRUD.TestCaseIntegration">
            </testcase>
            <testcase
                name="test_delete_booking"
                time="3.668"
                classname="com.TheTestingAcademy.ex_21092024.testngexamples.CRUD.TestCaseIntegration">
            </testcase>
            <testcase
                name="test_update_request_put"
                time="3.392"
                classname="com.TheTestingAcademy.ex_21092024.testngexamples.CRUD.TestCaseIntegration">
            </testcase>
</testsuite>
