<?xml version="1.0" encoding="UTF-8"?>
<testsuite name="Surefire test"
           tests="3"
           failures="0"
           errors="0"
           skipped="0"
           time="0.004">
    <properties></properties>



            <testcase
                name="t3"
                time="0.001"
                classname="com.TheTestingAcademy.ex_21092024.testngexamples.TestNG005">
            </testcase>
            <testcase
                name="t1"
                time="0.002"
                classname="com.TheTestingAcademy.ex_21092024.testngexamples.TestNG005">
            </testcase>
            <testcase
                name="t2"
                time="0.001"
                classname="com.TheTestingAcademy.ex_21092024.testngexamples.TestNG005">
            </testcase>
</testsuite>
